<?xml version="1.0" encoding="UTF-8"?>
<!-- Generated by org.testng.reporters.JUnitReportReporter -->
<testsuite skipped="0" hostname="DESKTOP-GDP7GVO" name="com.inetbanking.testCases.TC_LoginTest_001" tests="1" failures="0" timestamp="2022-07-19T19:46:01 IST" time="13.148" errors="0">
  <testcase name="loginTest" time="13.148" classname="com.inetbanking.testCases.TC_LoginTest_001"/>
  <system-out/>
</testsuite> <!-- com.inetbanking.testCases.TC_LoginTest_001 -->
